<?xml version="1.0" encoding="UTF-8" ?>
<testsuite 
errors="0" failures="0" hostname="hsm" name="org.apache.mahout.classifier.naivebayes.NBH2OTestSuite" tests="5" time="13.94" timestamp="2015-12-22T16:09:52">
  <properties>
[...]
</properties>
  <testcase 
  name="Simple Standard NB Model" classname="org.apache.mahout.classifier.naivebayes.NBH2OTestSuite" time="0.018">
</testcase>
  <testcase 
  name="NB Aggregator" classname="org.apache.mahout.classifier.naivebayes.NBH2OTestSuite" time="0.032">
</testcase>
  <testcase 
  name="Model DFS Serialization" classname="org.apache.mahout.classifier.naivebayes.NBH2OTestSuite" time="2.278">
</testcase>
  <testcase 
  name="train and test a model" classname="org.apache.mahout.classifier.naivebayes.NBH2OTestSuite" time="0.849">
</testcase>
  <testcase 
  name="train and test a model with the confusion matrix" classname="org.apache.mahout.classifier.naivebayes.NBH2OTestSuite" time="0.741">
</testcase>
  <system-out><![CDATA[]]></system-out>
  <system-err><![CDATA[]]></system-err>
</testsuite>
