<?xml version="1.0" encoding="UTF-8" ?>
<testsuite 
errors="0" failures="0" hostname="hsm" name="org.apache.mahout.math.scalabindings.VectorOpsSuite" tests="5" time="0.143" timestamp="2015-12-22T16:02:21">
  <properties>
[...]
</properties>
  <testcase 
  name="inline create" classname="org.apache.mahout.math.scalabindings.VectorOpsSuite" time="0.028">
</testcase>
  <testcase 
  name="plus minus" classname="org.apache.mahout.math.scalabindings.VectorOpsSuite" time="0.06">
</testcase>
  <testcase 
  name="dot" classname="org.apache.mahout.math.scalabindings.VectorOpsSuite" time="0.0">
</testcase>
  <testcase 
  name="scalarOps" classname="org.apache.mahout.math.scalabindings.VectorOpsSuite" time="0.005">
</testcase>
  <testcase 
  name="sparse assignment" classname="org.apache.mahout.math.scalabindings.VectorOpsSuite" time="0.006">
</testcase>
  <system-out><![CDATA[]]></system-out>
  <system-err><![CDATA[]]></system-err>
</testsuite>
