<?xml version="1.0" encoding="UTF-8"?>
<testsuite name="org.apache.mahout.math.PivotedMatrixTest" time="0.373" tests="60" errors="0" skipped="0" failures="0">
  <properties>
[...]
</properties>
  <testcase name="testSetQuick" classname="org.apache.mahout.math.PivotedMatrixTest" time="0.016"/>
  <testcase name="testAssignMatrix" classname="org.apache.mahout.math.PivotedMatrixTest" time="0.007"/>
  <testcase name="testAssignColumn" classname="org.apache.mahout.math.PivotedMatrixTest" time="0.011"/>
  <testcase name="testTimesDouble" classname="org.apache.mahout.math.PivotedMatrixTest" time="0.004"/>
  <testcase name="testMatrixViewBug" classname="org.apache.mahout.math.PivotedMatrixTest" time="0.004"/>
  <testcase name="testGetQuick" classname="org.apache.mahout.math.PivotedMatrixTest" time="0.002"/>
  <testcase name="testAssignDouble" classname="org.apache.mahout.math.PivotedMatrixTest" time="0.002"/>
  <testcase name="testAssignColumnCardinality" classname="org.apache.mahout.math.PivotedMatrixTest" time="0.008"/>
  <testcase name="testLabelBindingSerialization" classname="org.apache.mahout.math.PivotedMatrixTest" time="0.023"/>
  <testcase name="testPlusDouble" classname="org.apache.mahout.math.PivotedMatrixTest" time="0.004"/>
  <testcase name="testDeterminant" classname="org.apache.mahout.math.PivotedMatrixTest" time="0.004"/>
  <testcase name="testGetIndexUnder" classname="org.apache.mahout.math.PivotedMatrixTest" time="0.004"/>
  <testcase name="testAssignMatrixBinaryFunctionCardinality" classname="org.apache.mahout.math.PivotedMatrixTest" time="0.042"/>
  <testcase name="testCopy" classname="org.apache.mahout.math.PivotedMatrixTest" time="0.003"/>
  <testcase name="testAssignRowCardinality" classname="org.apache.mahout.math.PivotedMatrixTest" time="0.002"/>
  <testcase name="testAggregate" classname="org.apache.mahout.math.PivotedMatrixTest" time="0.01"/>
  <testcase name="testClone" classname="org.apache.mahout.math.PivotedMatrixTest" time="0.003"/>
  <testcase name="testViewRowIndexUnder" classname="org.apache.mahout.math.PivotedMatrixTest" time="0.002"/>
  <testcase name="testLike" classname="org.apache.mahout.math.PivotedMatrixTest" time="0.003"/>
  <testcase name="testAggregateCols" classname="org.apache.mahout.math.PivotedMatrixTest" time="0.004"/>
  <testcase name="testSwap" classname="org.apache.mahout.math.PivotedMatrixTest" time="0.01"/>
  <testcase name="testViewRow" classname="org.apache.mahout.math.PivotedMatrixTest" time="0.022"/>
  <testcase name="testLikeIntInt" classname="org.apache.mahout.math.PivotedMatrixTest" time="0.003"/>
  <testcase name="testSetUnder" classname="org.apache.mahout.math.PivotedMatrixTest" time="0.02"/>
  <testcase name="testCardinality" classname="org.apache.mahout.math.PivotedMatrixTest" time="0.002"/>
  <testcase name="testGet" classname="org.apache.mahout.math.PivotedMatrixTest" time="0.003"/>
  <testcase name="testTimesMatrix" classname="org.apache.mahout.math.PivotedMatrixTest" time="0.012"/>
  <testcase name="testLabelBindings" classname="org.apache.mahout.math.PivotedMatrixTest" time="0.002"/>
  <testcase name="testViewColumnIndexUnder" classname="org.apache.mahout.math.PivotedMatrixTest" time="0.002"/>
  <testcase name="testIterate" classname="org.apache.mahout.math.PivotedMatrixTest" time="0.015"/>
  <testcase name="testViewPartIndexUnder" classname="org.apache.mahout.math.PivotedMatrixTest" time="0.004"/>
  <testcase name="testSetOver" classname="org.apache.mahout.math.PivotedMatrixTest" time="0.004"/>
  <testcase name="testAssignMatrixCardinality" classname="org.apache.mahout.math.PivotedMatrixTest" time="0.001"/>
  <testcase name="testViewPartIndexOver" classname="org.apache.mahout.math.PivotedMatrixTest" time="0.001"/>
  <testcase name="testAssignDoubleArrayArray" classname="org.apache.mahout.math.PivotedMatrixTest" time="0.004"/>
  <testcase name="testSettingLabelBindings" classname="org.apache.mahout.math.PivotedMatrixTest" time="0.001"/>
  <testcase name="testTimesSquaredTimesVector" classname="org.apache.mahout.math.PivotedMatrixTest" time="0.003"/>
  <testcase name="testViewColumn" classname="org.apache.mahout.math.PivotedMatrixTest" time="0.001"/>
  <testcase name="testAssignRow" classname="org.apache.mahout.math.PivotedMatrixTest" time="0.003"/>
  <testcase name="testDivide" classname="org.apache.mahout.math.PivotedMatrixTest" time="0.002"/>
  <testcase name="testColumnView" classname="org.apache.mahout.math.PivotedMatrixTest" time="0.031"/>
  <testcase name="testSize" classname="org.apache.mahout.math.PivotedMatrixTest" time="0.003"/>
  <testcase name="testGetIndexOver" classname="org.apache.mahout.math.PivotedMatrixTest" time="0.004"/>
  <testcase name="testMinusCardinality" classname="org.apache.mahout.math.PivotedMatrixTest" time="0.003"/>
  <testcase name="testPlusMatrix" classname="org.apache.mahout.math.PivotedMatrixTest" time="0.003"/>
  <testcase name="testViewPartCardinality" classname="org.apache.mahout.math.PivotedMatrixTest" time="0.003"/>
  <testcase name="testAggregateRows" classname="org.apache.mahout.math.PivotedMatrixTest" time="0.004"/>
  <testcase name="testAssignUnaryFunction" classname="org.apache.mahout.math.PivotedMatrixTest" time="0.004"/>
  <testcase name="testViewRowIndexOver" classname="org.apache.mahout.math.PivotedMatrixTest" time="0.004"/>
  <testcase name="testAssignDoubleArrayArrayCardinality" classname="org.apache.mahout.math.PivotedMatrixTest" time="0.005"/>
  <testcase name="testMinus" classname="org.apache.mahout.math.PivotedMatrixTest" time="0.01"/>
  <testcase name="testTranspose" classname="org.apache.mahout.math.PivotedMatrixTest" time="0.002"/>
  <testcase name="testZSum" classname="org.apache.mahout.math.PivotedMatrixTest" time="0.002"/>
  <testcase name="testTimesVector" classname="org.apache.mahout.math.PivotedMatrixTest" time="0.002"/>
  <testcase name="testViewPart" classname="org.apache.mahout.math.PivotedMatrixTest" time="0.002"/>
  <testcase name="testTimesMatrixCardinality" classname="org.apache.mahout.math.PivotedMatrixTest" time="0.002"/>
  <testcase name="testViewColumnIndexOver" classname="org.apache.mahout.math.PivotedMatrixTest" time="0.005"/>
  <testcase name="testRowView" classname="org.apache.mahout.math.PivotedMatrixTest" time="0.006"/>
  <testcase name="testPlusMatrixCardinality" classname="org.apache.mahout.math.PivotedMatrixTest" time="0.003"/>
  <testcase name="testAssignMatrixBinaryFunction" classname="org.apache.mahout.math.PivotedMatrixTest" time="0.002"/>
</testsuite>