<?xml version="1.0" encoding="UTF-8"?>
<testsuite name="org.apache.mahout.math.FunctionTest" time="0.078" tests="132" errors="0" skipped="0" failures="0">
  <properties>
[...]
</properties>
  <testcase name="testIsDensifying[0]" classname="org.apache.mahout.math.FunctionTest" time="0"/>
  <testcase name="testIsLikeLeftMult[0]" classname="org.apache.mahout.math.FunctionTest" time="0.002"/>
  <testcase name="testIsCommutative[0]" classname="org.apache.mahout.math.FunctionTest" time="0"/>
  <testcase name="testIsLikeRightMult[0]" classname="org.apache.mahout.math.FunctionTest" time="0"/>
  <testcase name="testIsLikeRightPlus[0]" classname="org.apache.mahout.math.FunctionTest" time="0"/>
  <testcase name="testIsAssociative[0]" classname="org.apache.mahout.math.FunctionTest" time="0.001"/>
  <testcase name="testIsDensifying[1]" classname="org.apache.mahout.math.FunctionTest" time="0.003"/>
  <testcase name="testIsLikeLeftMult[1]" classname="org.apache.mahout.math.FunctionTest" time="0"/>
  <testcase name="testIsCommutative[1]" classname="org.apache.mahout.math.FunctionTest" time="0"/>
  <testcase name="testIsLikeRightMult[1]" classname="org.apache.mahout.math.FunctionTest" time="0"/>
  <testcase name="testIsLikeRightPlus[1]" classname="org.apache.mahout.math.FunctionTest" time="0.001"/>
  <testcase name="testIsAssociative[1]" classname="org.apache.mahout.math.FunctionTest" time="0"/>
  <testcase name="testIsDensifying[2]" classname="org.apache.mahout.math.FunctionTest" time="0"/>
  <testcase name="testIsLikeLeftMult[2]" classname="org.apache.mahout.math.FunctionTest" time="0"/>
  <testcase name="testIsCommutative[2]" classname="org.apache.mahout.math.FunctionTest" time="0"/>
  <testcase name="testIsLikeRightMult[2]" classname="org.apache.mahout.math.FunctionTest" time="0.001"/>
  <testcase name="testIsLikeRightPlus[2]" classname="org.apache.mahout.math.FunctionTest" time="0.001"/>
  <testcase name="testIsAssociative[2]" classname="org.apache.mahout.math.FunctionTest" time="0.006"/>
  <testcase name="testIsDensifying[3]" classname="org.apache.mahout.math.FunctionTest" time="0"/>
  <testcase name="testIsLikeLeftMult[3]" classname="org.apache.mahout.math.FunctionTest" time="0"/>
  <testcase name="testIsCommutative[3]" classname="org.apache.mahout.math.FunctionTest" time="0.004"/>
  <testcase name="testIsLikeRightMult[3]" classname="org.apache.mahout.math.FunctionTest" time="0"/>
  <testcase name="testIsLikeRightPlus[3]" classname="org.apache.mahout.math.FunctionTest" time="0"/>
  <testcase name="testIsAssociative[3]" classname="org.apache.mahout.math.FunctionTest" time="0.001"/>
  <testcase name="testIsDensifying[4]" classname="org.apache.mahout.math.FunctionTest" time="0"/>
  <testcase name="testIsLikeLeftMult[4]" classname="org.apache.mahout.math.FunctionTest" time="0"/>
  <testcase name="testIsCommutative[4]" classname="org.apache.mahout.math.FunctionTest" time="0"/>
  <testcase name="testIsLikeRightMult[4]" classname="org.apache.mahout.math.FunctionTest" time="0"/>
  <testcase name="testIsLikeRightPlus[4]" classname="org.apache.mahout.math.FunctionTest" time="0"/>
  <testcase name="testIsAssociative[4]" classname="org.apache.mahout.math.FunctionTest" time="0.001"/>
  <testcase name="testIsDensifying[5]" classname="org.apache.mahout.math.FunctionTest" time="0"/>
  <testcase name="testIsLikeLeftMult[5]" classname="org.apache.mahout.math.FunctionTest" time="0"/>
  <testcase name="testIsCommutative[5]" classname="org.apache.mahout.math.FunctionTest" time="0"/>
  <testcase name="testIsLikeRightMult[5]" classname="org.apache.mahout.math.FunctionTest" time="0.001"/>
  <testcase name="testIsLikeRightPlus[5]" classname="org.apache.mahout.math.FunctionTest" time="0"/>
  <testcase name="testIsAssociative[5]" classname="org.apache.mahout.math.FunctionTest" time="0"/>
  <testcase name="testIsDensifying[6]" classname="org.apache.mahout.math.FunctionTest" time="0"/>
  <testcase name="testIsLikeLeftMult[6]" classname="org.apache.mahout.math.FunctionTest" time="0.001"/>
  <testcase name="testIsCommutative[6]" classname="org.apache.mahout.math.FunctionTest" time="0"/>
  <testcase name="testIsLikeRightMult[6]" classname="org.apache.mahout.math.FunctionTest" time="0"/>
  <testcase name="testIsLikeRightPlus[6]" classname="org.apache.mahout.math.FunctionTest" time="0"/>
  <testcase name="testIsAssociative[6]" classname="org.apache.mahout.math.FunctionTest" time="0"/>
  <testcase name="testIsDensifying[7]" classname="org.apache.mahout.math.FunctionTest" time="0"/>
  <testcase name="testIsLikeLeftMult[7]" classname="org.apache.mahout.math.FunctionTest" time="0"/>
  <testcase name="testIsCommutative[7]" classname="org.apache.mahout.math.FunctionTest" time="0"/>
  <testcase name="testIsLikeRightMult[7]" classname="org.apache.mahout.math.FunctionTest" time="0"/>
  <testcase name="testIsLikeRightPlus[7]" classname="org.apache.mahout.math.FunctionTest" time="0.001"/>
  <testcase name="testIsAssociative[7]" classname="org.apache.mahout.math.FunctionTest" time="0.001"/>
  <testcase name="testIsDensifying[8]" classname="org.apache.mahout.math.FunctionTest" time="0"/>
  <testcase name="testIsLikeLeftMult[8]" classname="org.apache.mahout.math.FunctionTest" time="0.001"/>
  <testcase name="testIsCommutative[8]" classname="org.apache.mahout.math.FunctionTest" time="0.003"/>
  <testcase name="testIsLikeRightMult[8]" classname="org.apache.mahout.math.FunctionTest" time="0"/>
  <testcase name="testIsLikeRightPlus[8]" classname="org.apache.mahout.math.FunctionTest" time="0"/>
  <testcase name="testIsAssociative[8]" classname="org.apache.mahout.math.FunctionTest" time="0.001"/>
  <testcase name="testIsDensifying[9]" classname="org.apache.mahout.math.FunctionTest" time="0"/>
  <testcase name="testIsLikeLeftMult[9]" classname="org.apache.mahout.math.FunctionTest" time="0"/>
  <testcase name="testIsCommutative[9]" classname="org.apache.mahout.math.FunctionTest" time="0.001"/>
  <testcase name="testIsLikeRightMult[9]" classname="org.apache.mahout.math.FunctionTest" time="0"/>
  <testcase name="testIsLikeRightPlus[9]" classname="org.apache.mahout.math.FunctionTest" time="0.001"/>
  <testcase name="testIsAssociative[9]" classname="org.apache.mahout.math.FunctionTest" time="0"/>
  <testcase name="testIsDensifying[10]" classname="org.apache.mahout.math.FunctionTest" time="0.001"/>
  <testcase name="testIsLikeLeftMult[10]" classname="org.apache.mahout.math.FunctionTest" time="0"/>
  <testcase name="testIsCommutative[10]" classname="org.apache.mahout.math.FunctionTest" time="0"/>
  <testcase name="testIsLikeRightMult[10]" classname="org.apache.mahout.math.FunctionTest" time="0"/>
  <testcase name="testIsLikeRightPlus[10]" classname="org.apache.mahout.math.FunctionTest" time="0"/>
  <testcase name="testIsAssociative[10]" classname="org.apache.mahout.math.FunctionTest" time="0"/>
  <testcase name="testIsDensifying[11]" classname="org.apache.mahout.math.FunctionTest" time="0"/>
  <testcase name="testIsLikeLeftMult[11]" classname="org.apache.mahout.math.FunctionTest" time="0"/>
  <testcase name="testIsCommutative[11]" classname="org.apache.mahout.math.FunctionTest" time="0"/>
  <testcase name="testIsLikeRightMult[11]" classname="org.apache.mahout.math.FunctionTest" time="0"/>
  <testcase name="testIsLikeRightPlus[11]" classname="org.apache.mahout.math.FunctionTest" time="0"/>
  <testcase name="testIsAssociative[11]" classname="org.apache.mahout.math.FunctionTest" time="0"/>
  <testcase name="testIsDensifying[12]" classname="org.apache.mahout.math.FunctionTest" time="0"/>
  <testcase name="testIsLikeLeftMult[12]" classname="org.apache.mahout.math.FunctionTest" time="0"/>
  <testcase name="testIsCommutative[12]" classname="org.apache.mahout.math.FunctionTest" time="0"/>
  <testcase name="testIsLikeRightMult[12]" classname="org.apache.mahout.math.FunctionTest" time="0"/>
  <testcase name="testIsLikeRightPlus[12]" classname="org.apache.mahout.math.FunctionTest" time="0"/>
  <testcase name="testIsAssociative[12]" classname="org.apache.mahout.math.FunctionTest" time="0"/>
  <testcase name="testIsDensifying[13]" classname="org.apache.mahout.math.FunctionTest" time="0"/>
  <testcase name="testIsLikeLeftMult[13]" classname="org.apache.mahout.math.FunctionTest" time="0"/>
  <testcase name="testIsCommutative[13]" classname="org.apache.mahout.math.FunctionTest" time="0"/>
  <testcase name="testIsLikeRightMult[13]" classname="org.apache.mahout.math.FunctionTest" time="0"/>
  <testcase name="testIsLikeRightPlus[13]" classname="org.apache.mahout.math.FunctionTest" time="0"/>
  <testcase name="testIsAssociative[13]" classname="org.apache.mahout.math.FunctionTest" time="0"/>
  <testcase name="testIsDensifying[14]" classname="org.apache.mahout.math.FunctionTest" time="0"/>
  <testcase name="testIsLikeLeftMult[14]" classname="org.apache.mahout.math.FunctionTest" time="0"/>
  <testcase name="testIsCommutative[14]" classname="org.apache.mahout.math.FunctionTest" time="0"/>
  <testcase name="testIsLikeRightMult[14]" classname="org.apache.mahout.math.FunctionTest" time="0"/>
  <testcase name="testIsLikeRightPlus[14]" classname="org.apache.mahout.math.FunctionTest" time="0.005"/>
  <testcase name="testIsAssociative[14]" classname="org.apache.mahout.math.FunctionTest" time="0.016"/>
  <testcase name="testIsDensifying[15]" classname="org.apache.mahout.math.FunctionTest" time="0.001"/>
  <testcase name="testIsLikeLeftMult[15]" classname="org.apache.mahout.math.FunctionTest" time="0.001"/>
  <testcase name="testIsCommutative[15]" classname="org.apache.mahout.math.FunctionTest" time="0.001"/>
  <testcase name="testIsLikeRightMult[15]" classname="org.apache.mahout.math.FunctionTest" time="0.001"/>
  <testcase name="testIsLikeRightPlus[15]" classname="org.apache.mahout.math.FunctionTest" time="0.001"/>
  <testcase name="testIsAssociative[15]" classname="org.apache.mahout.math.FunctionTest" time="0.001"/>
  <testcase name="testIsDensifying[16]" classname="org.apache.mahout.math.FunctionTest" time="0"/>
  <testcase name="testIsLikeLeftMult[16]" classname="org.apache.mahout.math.FunctionTest" time="0.001"/>
  <testcase name="testIsCommutative[16]" classname="org.apache.mahout.math.FunctionTest" time="0"/>
  <testcase name="testIsLikeRightMult[16]" classname="org.apache.mahout.math.FunctionTest" time="0"/>
  <testcase name="testIsLikeRightPlus[16]" classname="org.apache.mahout.math.FunctionTest" time="0.014"/>
  <testcase name="testIsAssociative[16]" classname="org.apache.mahout.math.FunctionTest" time="0.001"/>
  <testcase name="testIsDensifying[17]" classname="org.apache.mahout.math.FunctionTest" time="0"/>
  <testcase name="testIsLikeLeftMult[17]" classname="org.apache.mahout.math.FunctionTest" time="0"/>
  <testcase name="testIsCommutative[17]" classname="org.apache.mahout.math.FunctionTest" time="0.001"/>
  <testcase name="testIsLikeRightMult[17]" classname="org.apache.mahout.math.FunctionTest" time="0"/>
  <testcase name="testIsLikeRightPlus[17]" classname="org.apache.mahout.math.FunctionTest" time="0"/>
  <testcase name="testIsAssociative[17]" classname="org.apache.mahout.math.FunctionTest" time="0"/>
  <testcase name="testIsDensifying[18]" classname="org.apache.mahout.math.FunctionTest" time="0"/>
  <testcase name="testIsLikeLeftMult[18]" classname="org.apache.mahout.math.FunctionTest" time="0"/>
  <testcase name="testIsCommutative[18]" classname="org.apache.mahout.math.FunctionTest" time="0"/>
  <testcase name="testIsLikeRightMult[18]" classname="org.apache.mahout.math.FunctionTest" time="0"/>
  <testcase name="testIsLikeRightPlus[18]" classname="org.apache.mahout.math.FunctionTest" time="0"/>
  <testcase name="testIsAssociative[18]" classname="org.apache.mahout.math.FunctionTest" time="0"/>
  <testcase name="testIsDensifying[19]" classname="org.apache.mahout.math.FunctionTest" time="0"/>
  <testcase name="testIsLikeLeftMult[19]" classname="org.apache.mahout.math.FunctionTest" time="0"/>
  <testcase name="testIsCommutative[19]" classname="org.apache.mahout.math.FunctionTest" time="0"/>
  <testcase name="testIsLikeRightMult[19]" classname="org.apache.mahout.math.FunctionTest" time="0"/>
  <testcase name="testIsLikeRightPlus[19]" classname="org.apache.mahout.math.FunctionTest" time="0"/>
  <testcase name="testIsAssociative[19]" classname="org.apache.mahout.math.FunctionTest" time="0"/>
  <testcase name="testIsDensifying[20]" classname="org.apache.mahout.math.FunctionTest" time="0"/>
  <testcase name="testIsLikeLeftMult[20]" classname="org.apache.mahout.math.FunctionTest" time="0"/>
  <testcase name="testIsCommutative[20]" classname="org.apache.mahout.math.FunctionTest" time="0"/>
  <testcase name="testIsLikeRightMult[20]" classname="org.apache.mahout.math.FunctionTest" time="0"/>
  <testcase name="testIsLikeRightPlus[20]" classname="org.apache.mahout.math.FunctionTest" time="0.001"/>
  <testcase name="testIsAssociative[20]" classname="org.apache.mahout.math.FunctionTest" time="0"/>
  <testcase name="testIsDensifying[21]" classname="org.apache.mahout.math.FunctionTest" time="0"/>
  <testcase name="testIsLikeLeftMult[21]" classname="org.apache.mahout.math.FunctionTest" time="0"/>
  <testcase name="testIsCommutative[21]" classname="org.apache.mahout.math.FunctionTest" time="0"/>
  <testcase name="testIsLikeRightMult[21]" classname="org.apache.mahout.math.FunctionTest" time="0"/>
  <testcase name="testIsLikeRightPlus[21]" classname="org.apache.mahout.math.FunctionTest" time="0"/>
  <testcase name="testIsAssociative[21]" classname="org.apache.mahout.math.FunctionTest" time="0"/>
</testsuite>