<?xml version="1.0" encoding="UTF-8"?>
<testsuite name="org.apache.mahout.math.TestSequentialAccessSparseVector" time="4.762" tests="44" errors="0" skipped="0" failures="0">
  <properties>
[...]
</properties>
  <testcase name="testViewPartCardinality" classname="org.apache.mahout.math.TestSequentialAccessSparseVector" time="0.021"/>
  <testcase name="testViewPart" classname="org.apache.mahout.math.TestSequentialAccessSparseVector" time="0.007"/>
  <testcase name="testAssignBinaryFunction2" classname="org.apache.mahout.math.TestSequentialAccessSparseVector" time="0.023"/>
  <testcase name="testCopy" classname="org.apache.mahout.math.TestSequentialAccessSparseVector" time="0.013"/>
  <testcase name="testGetDistanceSquared" classname="org.apache.mahout.math.TestSequentialAccessSparseVector" time="0.039"/>
  <testcase name="testLike" classname="org.apache.mahout.math.TestSequentialAccessSparseVector" time="0.006"/>
  <testcase name="testPlusVectorCardinality" classname="org.apache.mahout.math.TestSequentialAccessSparseVector" time="0.006"/>
  <testcase name="testAssignBinaryFunction" classname="org.apache.mahout.math.TestSequentialAccessSparseVector" time="0.004"/>
  <testcase name="testAssignUnaryFunction" classname="org.apache.mahout.math.TestSequentialAccessSparseVector" time="0.002"/>
  <testcase name="testGetOver" classname="org.apache.mahout.math.TestSequentialAccessSparseVector" time="0.003"/>
  <testcase name="testSet" classname="org.apache.mahout.math.TestSequentialAccessSparseVector" time="0.002"/>
  <testcase name="testAssignVector" classname="org.apache.mahout.math.TestSequentialAccessSparseVector" time="0.018"/>
  <testcase name="testIterators" classname="org.apache.mahout.math.TestSequentialAccessSparseVector" time="0.104"/>
  <testcase name="testTimesVectorCardinality" classname="org.apache.mahout.math.TestSequentialAccessSparseVector" time="0.008"/>
  <testcase name="testViewPartOver" classname="org.apache.mahout.math.TestSequentialAccessSparseVector" time="0.002"/>
  <testcase name="testAssignBinaryFunction3" classname="org.apache.mahout.math.TestSequentialAccessSparseVector" time="0.005"/>
  <testcase name="testDotCardinality" classname="org.apache.mahout.math.TestSequentialAccessSparseVector" time="0.002"/>
  <testcase name="testDotSuperBig" classname="org.apache.mahout.math.TestSequentialAccessSparseVector" time="0.002"/>
  <testcase name="testViewPartUnder" classname="org.apache.mahout.math.TestSequentialAccessSparseVector" time="0.002"/>
  <testcase name="testPlusVector" classname="org.apache.mahout.math.TestSequentialAccessSparseVector" time="0.002"/>
  <testcase name="testNormalize" classname="org.apache.mahout.math.TestSequentialAccessSparseVector" time="0.003"/>
  <testcase name="testAssignVectorCardinality" classname="org.apache.mahout.math.TestSequentialAccessSparseVector" time="0.003"/>
  <testcase name="testPlusDouble" classname="org.apache.mahout.math.TestSequentialAccessSparseVector" time="0.003"/>
  <testcase name="testDot" classname="org.apache.mahout.math.TestSequentialAccessSparseVector" time="0.015"/>
  <testcase name="testAssignDouble" classname="org.apache.mahout.math.TestSequentialAccessSparseVector" time="0.004"/>
  <testcase name="testTimesDouble" classname="org.apache.mahout.math.TestSequentialAccessSparseVector" time="0.011"/>
  <testcase name="testCardinality" classname="org.apache.mahout.math.TestSequentialAccessSparseVector" time="0.004"/>
  <testcase name="testGetUnder" classname="org.apache.mahout.math.TestSequentialAccessSparseVector" time="0.003"/>
  <testcase name="testDivideDouble" classname="org.apache.mahout.math.TestSequentialAccessSparseVector" time="0.018"/>
  <testcase name="testDot2" classname="org.apache.mahout.math.TestSequentialAccessSparseVector" time="0.002"/>
  <testcase name="testSmallDistances" classname="org.apache.mahout.math.TestSequentialAccessSparseVector" time="4.172"/>
  <testcase name="testTimesVector" classname="org.apache.mahout.math.TestSequentialAccessSparseVector" time="0.022"/>
  <testcase name="testSimpleOps" classname="org.apache.mahout.math.TestSequentialAccessSparseVector" time="0.027"/>
  <testcase name="testToString" classname="org.apache.mahout.math.TestSequentialAccessSparseVector" time="0.018"/>
  <testcase name="testAssignDoubleArrayCardinality" classname="org.apache.mahout.math.TestSequentialAccessSparseVector" time="0.018"/>
  <testcase name="testAssignDoubleArray" classname="org.apache.mahout.math.TestSequentialAccessSparseVector" time="0.019"/>
  <testcase name="testIterator" classname="org.apache.mahout.math.TestSequentialAccessSparseVector" time="0.022"/>
  <testcase name="testSparseDoubleVectorInt" classname="org.apache.mahout.math.TestSequentialAccessSparseVector" time="0.018"/>
  <testcase name="testSize" classname="org.apache.mahout.math.TestSequentialAccessSparseVector" time="0.018"/>
  <testcase name="testIteratorSet" classname="org.apache.mahout.math.TestSequentialAccessSparseVector" time="0.018"/>
  <testcase name="testMinus" classname="org.apache.mahout.math.TestSequentialAccessSparseVector" time="0.018"/>
  <testcase name="testGet" classname="org.apache.mahout.math.TestSequentialAccessSparseVector" time="0.017"/>
  <testcase name="testCrossProduct" classname="org.apache.mahout.math.TestSequentialAccessSparseVector" time="0.02"/>
  <testcase name="testZSum" classname="org.apache.mahout.math.TestSequentialAccessSparseVector" time="0.018"/>
</testsuite>