<?xml version="1.0" encoding="UTF-8"?>
<testsuite name="org.apache.mahout.math.VectorWritableTest" time="0.285" tests="100" errors="0" skipped="0" failures="0">
  <properties>
[...]
</properties>
  <testcase name="testDenseVectorWritable {#0 seed=[8521238FF0949F36:52B59D23D9C1C155]}" classname="org.apache.mahout.math.VectorWritableTest" time="0.033"/>
  <testcase name="testDenseVectorWritable {#1 seed=[8521238FF0949F36:E6E321DFED030A79]}" classname="org.apache.mahout.math.VectorWritableTest" time="0.004"/>
  <testcase name="testDenseVectorWritable {#2 seed=[8521238FF0949F36:680AB703BCC742B2]}" classname="org.apache.mahout.math.VectorWritableTest" time="0.003"/>
  <testcase name="testDenseVectorWritable {#3 seed=[8521238FF0949F36:59E41CE6D039199B]}" classname="org.apache.mahout.math.VectorWritableTest" time="0.003"/>
  <testcase name="testDenseVectorWritable {#4 seed=[8521238FF0949F36:1525994B7131D920]}" classname="org.apache.mahout.math.VectorWritableTest" time="0.01"/>
  <testcase name="testDenseVectorWritable {#5 seed=[8521238FF0949F36:84DF4A140C8D9420]}" classname="org.apache.mahout.math.VectorWritableTest" time="0.003"/>
  <testcase name="testDenseVectorWritable {#6 seed=[8521238FF0949F36:BA012E921EBD8426]}" classname="org.apache.mahout.math.VectorWritableTest" time="0.003"/>
  <testcase name="testDenseVectorWritable {#7 seed=[8521238FF0949F36:26B2B4E83DA91088]}" classname="org.apache.mahout.math.VectorWritableTest" time="0.003"/>
  <testcase name="testDenseVectorWritable {#8 seed=[8521238FF0949F36:141E51864A6207D2]}" classname="org.apache.mahout.math.VectorWritableTest" time="0.002"/>
  <testcase name="testDenseVectorWritable {#9 seed=[8521238FF0949F36:C395073C2E353080]}" classname="org.apache.mahout.math.VectorWritableTest" time="0.002"/>
  <testcase name="testDenseVectorWritable {#10 seed=[8521238FF0949F36:36D4EF67FC891258]}" classname="org.apache.mahout.math.VectorWritableTest" time="0.002"/>
  <testcase name="testDenseVectorWritable {#11 seed=[8521238FF0949F36:BD7323A27814B391]}" classname="org.apache.mahout.math.VectorWritableTest" time="0.002"/>
  <testcase name="testDenseVectorWritable {#12 seed=[8521238FF0949F36:DA40B61B9D697160]}" classname="org.apache.mahout.math.VectorWritableTest" time="0.001"/>
  <testcase name="testDenseVectorWritable {#13 seed=[8521238FF0949F36:B50B910401FCF010]}" classname="org.apache.mahout.math.VectorWritableTest" time="0.002"/>
  <testcase name="testDenseVectorWritable {#14 seed=[8521238FF0949F36:E8959E9CD38DB649]}" classname="org.apache.mahout.math.VectorWritableTest" time="0.002"/>
  <testcase name="testDenseVectorWritable {#15 seed=[8521238FF0949F36:8B277398C10F2378]}" classname="org.apache.mahout.math.VectorWritableTest" time="0.004"/>
  <testcase name="testDenseVectorWritable {#16 seed=[8521238FF0949F36:DDCD4510A074811]}" classname="org.apache.mahout.math.VectorWritableTest" time="0.003"/>
  <testcase name="testDenseVectorWritable {#17 seed=[8521238FF0949F36:B993064AC6323A63]}" classname="org.apache.mahout.math.VectorWritableTest" time="0.004"/>
  <testcase name="testDenseVectorWritable {#18 seed=[8521238FF0949F36:A6E77944BAA7D561]}" classname="org.apache.mahout.math.VectorWritableTest" time="0.002"/>
  <testcase name="testDenseVectorWritable {#19 seed=[8521238FF0949F36:AC770AA8104F93CC]}" classname="org.apache.mahout.math.VectorWritableTest" time="0.009"/>
  <testcase name="testViewSequentialAccessSparseVectorWritable {#0 seed=[8521238FF0949F36:387966A47D1274CC]}" classname="org.apache.mahout.math.VectorWritableTest" time="0.037"/>
  <testcase name="testViewSequentialAccessSparseVectorWritable {#1 seed=[8521238FF0949F36:8C2FDA5849D0BFE0]}" classname="org.apache.mahout.math.VectorWritableTest" time="0.001"/>
  <testcase name="testViewSequentialAccessSparseVectorWritable {#2 seed=[8521238FF0949F36:2C64C841814F72B]}" classname="org.apache.mahout.math.VectorWritableTest" time="0.002"/>
  <testcase name="testViewSequentialAccessSparseVectorWritable {#3 seed=[8521238FF0949F36:3328E76174EAAC02]}" classname="org.apache.mahout.math.VectorWritableTest" time="0.002"/>
  <testcase name="testViewSequentialAccessSparseVectorWritable {#4 seed=[8521238FF0949F36:7FE962CCD5E26CB9]}" classname="org.apache.mahout.math.VectorWritableTest" time="0.002"/>
  <testcase name="testViewSequentialAccessSparseVectorWritable {#5 seed=[8521238FF0949F36:EE13B193A85E21B9]}" classname="org.apache.mahout.math.VectorWritableTest" time="0.001"/>
  <testcase name="testViewSequentialAccessSparseVectorWritable {#6 seed=[8521238FF0949F36:D0CDD515BA6E31BF]}" classname="org.apache.mahout.math.VectorWritableTest" time="0.002"/>
  <testcase name="testViewSequentialAccessSparseVectorWritable {#7 seed=[8521238FF0949F36:4C7E4F6F997AA511]}" classname="org.apache.mahout.math.VectorWritableTest" time="0.003"/>
  <testcase name="testViewSequentialAccessSparseVectorWritable {#8 seed=[8521238FF0949F36:7ED2AA01EEB1B24B]}" classname="org.apache.mahout.math.VectorWritableTest" time="0.002"/>
  <testcase name="testViewSequentialAccessSparseVectorWritable {#9 seed=[8521238FF0949F36:A959FCBB8AE68519]}" classname="org.apache.mahout.math.VectorWritableTest" time="0.002"/>
  <testcase name="testViewSequentialAccessSparseVectorWritable {#10 seed=[8521238FF0949F36:5C1814E0585AA7C1]}" classname="org.apache.mahout.math.VectorWritableTest" time="0.004"/>
  <testcase name="testViewSequentialAccessSparseVectorWritable {#11 seed=[8521238FF0949F36:D7BFD825DCC70608]}" classname="org.apache.mahout.math.VectorWritableTest" time="0.002"/>
  <testcase name="testViewSequentialAccessSparseVectorWritable {#12 seed=[8521238FF0949F36:B08C4D9C39BAC4F9]}" classname="org.apache.mahout.math.VectorWritableTest" time="0.001"/>
  <testcase name="testViewSequentialAccessSparseVectorWritable {#13 seed=[8521238FF0949F36:DFC76A83A52F4589]}" classname="org.apache.mahout.math.VectorWritableTest" time="0.001"/>
  <testcase name="testViewSequentialAccessSparseVectorWritable {#14 seed=[8521238FF0949F36:8259651B775E03D0]}" classname="org.apache.mahout.math.VectorWritableTest" time="0.001"/>
  <testcase name="testViewSequentialAccessSparseVectorWritable {#15 seed=[8521238FF0949F36:E1EB881F65DC96E1]}" classname="org.apache.mahout.math.VectorWritableTest" time="0.004"/>
  <testcase name="testViewSequentialAccessSparseVectorWritable {#16 seed=[8521238FF0949F36:67102FD6AED4FD88]}" classname="org.apache.mahout.math.VectorWritableTest" time="0.001"/>
  <testcase name="testViewSequentialAccessSparseVectorWritable {#17 seed=[8521238FF0949F36:D35FFDCD62E18FFA]}" classname="org.apache.mahout.math.VectorWritableTest" time="0.003"/>
  <testcase name="testViewSequentialAccessSparseVectorWritable {#18 seed=[8521238FF0949F36:CC2B82C31E7460F8]}" classname="org.apache.mahout.math.VectorWritableTest" time="0.001"/>
  <testcase name="testViewSequentialAccessSparseVectorWritable {#19 seed=[8521238FF0949F36:C6BBF12FB49C2655]}" classname="org.apache.mahout.math.VectorWritableTest" time="0.002"/>
  <testcase name="testRandomAccessSparseVectorWritable {#0 seed=[8521238FF0949F36:1CFA184A7E5F1904]}" classname="org.apache.mahout.math.VectorWritableTest" time="0.011"/>
  <testcase name="testRandomAccessSparseVectorWritable {#1 seed=[8521238FF0949F36:A8ACA4B64A9DD228]}" classname="org.apache.mahout.math.VectorWritableTest" time="0.005"/>
  <testcase name="testRandomAccessSparseVectorWritable {#2 seed=[8521238FF0949F36:2645326A1B599AE3]}" classname="org.apache.mahout.math.VectorWritableTest" time="0.002"/>
  <testcase name="testRandomAccessSparseVectorWritable {#3 seed=[8521238FF0949F36:17AB998F77A7C1CA]}" classname="org.apache.mahout.math.VectorWritableTest" time="0.002"/>
  <testcase name="testRandomAccessSparseVectorWritable {#4 seed=[8521238FF0949F36:5B6A1C22D6AF0171]}" classname="org.apache.mahout.math.VectorWritableTest" time="0.002"/>
  <testcase name="testRandomAccessSparseVectorWritable {#5 seed=[8521238FF0949F36:CA90CF7DAB134C71]}" classname="org.apache.mahout.math.VectorWritableTest" time="0.002"/>
  <testcase name="testRandomAccessSparseVectorWritable {#6 seed=[8521238FF0949F36:F44EABFBB9235C77]}" classname="org.apache.mahout.math.VectorWritableTest" time="0.002"/>
  <testcase name="testRandomAccessSparseVectorWritable {#7 seed=[8521238FF0949F36:68FD31819A37C8D9]}" classname="org.apache.mahout.math.VectorWritableTest" time="0.002"/>
  <testcase name="testRandomAccessSparseVectorWritable {#8 seed=[8521238FF0949F36:5A51D4EFEDFCDF83]}" classname="org.apache.mahout.math.VectorWritableTest" time="0.004"/>
  <testcase name="testRandomAccessSparseVectorWritable {#9 seed=[8521238FF0949F36:8DDA825589ABE8D1]}" classname="org.apache.mahout.math.VectorWritableTest" time="0.002"/>
  <testcase name="testRandomAccessSparseVectorWritable {#10 seed=[8521238FF0949F36:789B6A0E5B17CA09]}" classname="org.apache.mahout.math.VectorWritableTest" time="0.003"/>
  <testcase name="testRandomAccessSparseVectorWritable {#11 seed=[8521238FF0949F36:F33CA6CBDF8A6BC0]}" classname="org.apache.mahout.math.VectorWritableTest" time="0.002"/>
  <testcase name="testRandomAccessSparseVectorWritable {#12 seed=[8521238FF0949F36:940F33723AF7A931]}" classname="org.apache.mahout.math.VectorWritableTest" time="0.002"/>
  <testcase name="testRandomAccessSparseVectorWritable {#13 seed=[8521238FF0949F36:FB44146DA6622841]}" classname="org.apache.mahout.math.VectorWritableTest" time="0.002"/>
  <testcase name="testRandomAccessSparseVectorWritable {#14 seed=[8521238FF0949F36:A6DA1BF574136E18]}" classname="org.apache.mahout.math.VectorWritableTest" time="0.002"/>
  <testcase name="testRandomAccessSparseVectorWritable {#15 seed=[8521238FF0949F36:C568F6F16691FB29]}" classname="org.apache.mahout.math.VectorWritableTest" time="0.002"/>
  <testcase name="testRandomAccessSparseVectorWritable {#16 seed=[8521238FF0949F36:43935138AD999040]}" classname="org.apache.mahout.math.VectorWritableTest" time="0.001"/>
  <testcase name="testRandomAccessSparseVectorWritable {#17 seed=[8521238FF0949F36:F7DC832361ACE232]}" classname="org.apache.mahout.math.VectorWritableTest" time="0.001"/>
  <testcase name="testRandomAccessSparseVectorWritable {#18 seed=[8521238FF0949F36:E8A8FC2D1D390D30]}" classname="org.apache.mahout.math.VectorWritableTest" time="0.001"/>
  <testcase name="testRandomAccessSparseVectorWritable {#19 seed=[8521238FF0949F36:E2388FC1B7D14B9D]}" classname="org.apache.mahout.math.VectorWritableTest" time="0.002"/>
  <testcase name="testSequentialAccessSparseVectorWritable {#0 seed=[8521238FF0949F36:F63AD9475100159D]}" classname="org.apache.mahout.math.VectorWritableTest" time="0.002"/>
  <testcase name="testSequentialAccessSparseVectorWritable {#1 seed=[8521238FF0949F36:426C65BB65C2DEB1]}" classname="org.apache.mahout.math.VectorWritableTest" time="0.001"/>
  <testcase name="testSequentialAccessSparseVectorWritable {#2 seed=[8521238FF0949F36:CC85F3673406967A]}" classname="org.apache.mahout.math.VectorWritableTest" time="0.002"/>
  <testcase name="testSequentialAccessSparseVectorWritable {#3 seed=[8521238FF0949F36:FD6B588258F8CD53]}" classname="org.apache.mahout.math.VectorWritableTest" time="0.002"/>
  <testcase name="testSequentialAccessSparseVectorWritable {#4 seed=[8521238FF0949F36:B1AADD2FF9F00DE8]}" classname="org.apache.mahout.math.VectorWritableTest" time="0.002"/>
  <testcase name="testSequentialAccessSparseVectorWritable {#5 seed=[8521238FF0949F36:20500E70844C40E8]}" classname="org.apache.mahout.math.VectorWritableTest" time="0.002"/>
  <testcase name="testSequentialAccessSparseVectorWritable {#6 seed=[8521238FF0949F36:1E8E6AF6967C50EE]}" classname="org.apache.mahout.math.VectorWritableTest" time="0.001"/>
  <testcase name="testSequentialAccessSparseVectorWritable {#7 seed=[8521238FF0949F36:823DF08CB568C440]}" classname="org.apache.mahout.math.VectorWritableTest" time="0.002"/>
  <testcase name="testSequentialAccessSparseVectorWritable {#8 seed=[8521238FF0949F36:B09115E2C2A3D31A]}" classname="org.apache.mahout.math.VectorWritableTest" time="0.002"/>
  <testcase name="testSequentialAccessSparseVectorWritable {#9 seed=[8521238FF0949F36:671A4358A6F4E448]}" classname="org.apache.mahout.math.VectorWritableTest" time="0.001"/>
  <testcase name="testSequentialAccessSparseVectorWritable {#10 seed=[8521238FF0949F36:925BAB037448C690]}" classname="org.apache.mahout.math.VectorWritableTest" time="0.002"/>
  <testcase name="testSequentialAccessSparseVectorWritable {#11 seed=[8521238FF0949F36:19FC67C6F0D56759]}" classname="org.apache.mahout.math.VectorWritableTest" time="0.002"/>
  <testcase name="testSequentialAccessSparseVectorWritable {#12 seed=[8521238FF0949F36:7ECFF27F15A8A5A8]}" classname="org.apache.mahout.math.VectorWritableTest" time="0.002"/>
  <testcase name="testSequentialAccessSparseVectorWritable {#13 seed=[8521238FF0949F36:1184D560893D24D8]}" classname="org.apache.mahout.math.VectorWritableTest" time="0.001"/>
  <testcase name="testSequentialAccessSparseVectorWritable {#14 seed=[8521238FF0949F36:4C1ADAF85B4C6281]}" classname="org.apache.mahout.math.VectorWritableTest" time="0.001"/>
  <testcase name="testSequentialAccessSparseVectorWritable {#15 seed=[8521238FF0949F36:2FA837FC49CEF7B0]}" classname="org.apache.mahout.math.VectorWritableTest" time="0.001"/>
  <testcase name="testSequentialAccessSparseVectorWritable {#16 seed=[8521238FF0949F36:A953903582C69CD9]}" classname="org.apache.mahout.math.VectorWritableTest" time="0.001"/>
  <testcase name="testSequentialAccessSparseVectorWritable {#17 seed=[8521238FF0949F36:1D1C422E4EF3EEAB]}" classname="org.apache.mahout.math.VectorWritableTest" time="0.002"/>
  <testcase name="testSequentialAccessSparseVectorWritable {#18 seed=[8521238FF0949F36:2683D20326601A9]}" classname="org.apache.mahout.math.VectorWritableTest" time="0.001"/>
  <testcase name="testSequentialAccessSparseVectorWritable {#19 seed=[8521238FF0949F36:8F84ECC988E4704]}" classname="org.apache.mahout.math.VectorWritableTest" time="0.001"/>
  <testcase name="testNamedVectorWritable {#0 seed=[8521238FF0949F36:8F4498BC5C41A3B6]}" classname="org.apache.mahout.math.VectorWritableTest" time="0.002"/>
  <testcase name="testNamedVectorWritable {#1 seed=[8521238FF0949F36:3B1224406883689A]}" classname="org.apache.mahout.math.VectorWritableTest" time="0.001"/>
  <testcase name="testNamedVectorWritable {#2 seed=[8521238FF0949F36:B5FBB29C39472051]}" classname="org.apache.mahout.math.VectorWritableTest" time="0.001"/>
  <testcase name="testNamedVectorWritable {#3 seed=[8521238FF0949F36:8415197955B97B78]}" classname="org.apache.mahout.math.VectorWritableTest" time="0.001"/>
  <testcase name="testNamedVectorWritable {#4 seed=[8521238FF0949F36:C8D49CD4F4B1BBC3]}" classname="org.apache.mahout.math.VectorWritableTest" time="0.002"/>
  <testcase name="testNamedVectorWritable {#5 seed=[8521238FF0949F36:592E4F8B890DF6C3]}" classname="org.apache.mahout.math.VectorWritableTest" time="0.002"/>
  <testcase name="testNamedVectorWritable {#6 seed=[8521238FF0949F36:67F02B0D9B3DE6C5]}" classname="org.apache.mahout.math.VectorWritableTest" time="0.002"/>
  <testcase name="testNamedVectorWritable {#7 seed=[8521238FF0949F36:FB43B177B829726B]}" classname="org.apache.mahout.math.VectorWritableTest" time="0.002"/>
  <testcase name="testNamedVectorWritable {#8 seed=[8521238FF0949F36:C9EF5419CFE26531]}" classname="org.apache.mahout.math.VectorWritableTest" time="0.001"/>
  <testcase name="testNamedVectorWritable {#9 seed=[8521238FF0949F36:1E6402A3ABB55263]}" classname="org.apache.mahout.math.VectorWritableTest" time="0.001"/>
  <testcase name="testNamedVectorWritable {#10 seed=[8521238FF0949F36:EB25EAF8790970BB]}" classname="org.apache.mahout.math.VectorWritableTest" time="0.001"/>
  <testcase name="testNamedVectorWritable {#11 seed=[8521238FF0949F36:6082263DFD94D172]}" classname="org.apache.mahout.math.VectorWritableTest" time="0.004"/>
  <testcase name="testNamedVectorWritable {#12 seed=[8521238FF0949F36:7B1B38418E91383]}" classname="org.apache.mahout.math.VectorWritableTest" time="0.001"/>
  <testcase name="testNamedVectorWritable {#13 seed=[8521238FF0949F36:68FA949B847C92F3]}" classname="org.apache.mahout.math.VectorWritableTest" time="0.001"/>
  <testcase name="testNamedVectorWritable {#14 seed=[8521238FF0949F36:35649B03560DD4AA]}" classname="org.apache.mahout.math.VectorWritableTest" time="0.001"/>
  <testcase name="testNamedVectorWritable {#15 seed=[8521238FF0949F36:56D67607448F419B]}" classname="org.apache.mahout.math.VectorWritableTest" time="0.002"/>
  <testcase name="testNamedVectorWritable {#16 seed=[8521238FF0949F36:D02DD1CE8F872AF2]}" classname="org.apache.mahout.math.VectorWritableTest" time="0.002"/>
  <testcase name="testNamedVectorWritable {#17 seed=[8521238FF0949F36:646203D543B25880]}" classname="org.apache.mahout.math.VectorWritableTest" time="0.001"/>
  <testcase name="testNamedVectorWritable {#18 seed=[8521238FF0949F36:7B167CDB3F27B782]}" classname="org.apache.mahout.math.VectorWritableTest" time="0.002"/>
  <testcase name="testNamedVectorWritable {#19 seed=[8521238FF0949F36:71860F3795CFF12F]}" classname="org.apache.mahout.math.VectorWritableTest" time="0.001"/>
</testsuite>